{"/Users/drewminns/workspace/_internal_/slack-deletron/src/client/index.tsx": {"path":"/Users/drewminns/workspace/_internal_/slack-deletron/src/client/index.tsx","statementMap":{"0":{"start":{"line":1,"column":0},"end":{"line":1,"column":31}},"1":{"start":{"line":2,"column":0},"end":{"line":2,"column":38}},"2":{"start":{"line":4,"column":0},"end":{"line":4,"column":43}},"3":{"start":{"line":6,"column":0},"end":{"line":6,"column":100}}},"fnMap":{},"branchMap":{},"s":{"0":0,"1":0,"2":0,"3":0},"f":{},"b":{}}
,"/Users/drewminns/workspace/_internal_/slack-deletron/src/client/components/Hello.tsx": {"path":"/Users/drewminns/workspace/_internal_/slack-deletron/src/client/components/Hello.tsx","statementMap":{"0":{"start":{"line":1,"column":0},"end":{"line":1,"column":31}},"1":{"start":{"line":11,"column":0},"end":{"line":11,"column":59}},"2":{"start":{"line":11,"column":27},"end":{"line":11,"column":32}},"3":{"start":{"line":12,"column":2},"end":{"line":18,"column":null}},"4":{"start":{"line":13,"column":4},"end":{"line":17,"column":6}},"5":{"start":{"line":19,"column":0},"end":{"line":19,"column":null}},"6":{"start":{"line":11,"column":13},"end":{"line":11,"column":18}}},"fnMap":{"0":{"name":"(anonymous_7)","decl":{"start":{"line":11,"column":0},"end":{"line":11,"column":13}},"loc":{"start":{"line":11,"column":0},"end":{"line":19,"column":null}}},"1":{"name":"(anonymous_9)","decl":{"start":{"line":12,"column":2},"end":{"line":12,"column":8}},"loc":{"start":{"line":12,"column":2},"end":{"line":18,"column":3}}}},"branchMap":{},"s":{"0":1,"1":1,"2":1,"3":1,"4":1,"5":1,"6":1},"f":{"0":2,"1":1},"b":{}}
,"/Users/drewminns/workspace/_internal_/slack-deletron/src/server/Server.ts": {"path":"/Users/drewminns/workspace/_internal_/slack-deletron/src/server/Server.ts","statementMap":{"0":{"start":{"line":1,"column":0},"end":{"line":1,"column":43}},"1":{"start":{"line":2,"column":0},"end":{"line":2,"column":45}},"2":{"start":{"line":3,"column":0},"end":{"line":3,"column":37}},"3":{"start":{"line":4,"column":0},"end":{"line":4,"column":28}},"4":{"start":{"line":5,"column":0},"end":{"line":5,"column":30}},"5":{"start":{"line":6,"column":0},"end":{"line":6,"column":24}},"6":{"start":{"line":7,"column":0},"end":{"line":7,"column":75}},"7":{"start":{"line":9,"column":0},"end":{"line":9,"column":106}},"8":{"start":{"line":11,"column":0},"end":{"line":11,"column":null}},"9":{"start":{"line":11,"column":31},"end":{"line":11,"column":37}},"10":{"start":{"line":15,"column":4},"end":{"line":15,"column":null}},"11":{"start":{"line":12,"column":10},"end":{"line":12,"column":62}},"12":{"start":{"line":16,"column":4},"end":{"line":16,"column":36}},"13":{"start":{"line":17,"column":4},"end":{"line":17,"column":60}},"14":{"start":{"line":18,"column":4},"end":{"line":18,"column":37}},"15":{"start":{"line":19,"column":4},"end":{"line":19,"column":68}},"16":{"start":{"line":20,"column":4},"end":{"line":20,"column":28}},"17":{"start":{"line":23,"column":2},"end":{"line":27,"column":null}},"18":{"start":{"line":23,"column":2},"end":{"line":23,"column":7}},"19":{"start":{"line":24,"column":4},"end":{"line":26,"column":7}},"20":{"start":{"line":25,"column":6},"end":{"line":25,"column":51}},"21":{"start":{"line":29,"column":10},"end":{"line":40,"column":null}},"22":{"start":{"line":30,"column":32},"end":{"line":36,"column":null}},"23":{"start":{"line":38,"column":30},"end":{"line":38,"column":57}},"24":{"start":{"line":39,"column":4},"end":{"line":39,"column":67}},"25":{"start":{"line":41,"column":0},"end":{"line":41,"column":null}},"26":{"start":{"line":11,"column":13},"end":{"line":11,"column":22}}},"fnMap":{"0":{"name":"(anonymous_7)","decl":{"start":{"line":11,"column":0},"end":{"line":11,"column":13}},"loc":{"start":{"line":11,"column":0},"end":{"line":41,"column":null}}},"1":{"name":"AppServer","decl":{"start":{"line":14,"column":2},"end":{"line":14,"column":null}},"loc":{"start":{"line":14,"column":2},"end":{"line":21,"column":3}}},"2":{"name":"(anonymous_9)","decl":{"start":{"line":23,"column":2},"end":{"line":23,"column":7}},"loc":{"start":{"line":23,"column":20},"end":{"line":27,"column":3}}},"3":{"name":"(anonymous_10)","decl":{"start":{"line":24,"column":26},"end":{"line":24,"column":null}},"loc":{"start":{"line":24,"column":26},"end":{"line":26,"column":5}}},"4":{"name":"(anonymous_11)","decl":{"start":{"line":29,"column":2},"end":{"line":29,"column":10}},"loc":{"start":{"line":29,"column":2},"end":{"line":40,"column":3}}}},"branchMap":{"0":{"loc":{"start":{"line":15,"column":4},"end":{"line":15,"column":15}},"type":"binary-expr","locations":[{"start":{"line":15,"column":4},"end":{"line":15,"column":15}},{"start":{"line":15,"column":15},"end":{"line":15,"column":null}}]}},"s":{"0":0,"1":0,"2":0,"3":0,"4":0,"5":0,"6":0,"7":0,"8":0,"9":0,"10":0,"11":0,"12":0,"13":0,"14":0,"15":0,"16":0,"17":0,"18":0,"19":0,"20":0,"21":0,"22":0,"23":0,"24":0,"25":0,"26":0},"f":{"0":0,"1":0,"2":0,"3":0,"4":0},"b":{"0":[0,0]}}
,"/Users/drewminns/workspace/_internal_/slack-deletron/src/server/index.ts": {"path":"/Users/drewminns/workspace/_internal_/slack-deletron/src/server/index.ts","statementMap":{"0":{"start":{"line":1,"column":0},"end":{"line":1,"column":37}},"1":{"start":{"line":3,"column":0},"end":{"line":3,"column":38}},"2":{"start":{"line":5,"column":18},"end":{"line":5,"column":33}},"3":{"start":{"line":7,"column":0},"end":{"line":7,"column":22}}},"fnMap":{},"branchMap":{},"s":{"0":0,"1":0,"2":0,"3":0},"f":{},"b":{}}
,"/Users/drewminns/workspace/_internal_/slack-deletron/src/server/controllers/Generic.ts": {"path":"/Users/drewminns/workspace/_internal_/slack-deletron/src/server/controllers/Generic.ts","statementMap":{"0":{"start":{"line":1,"column":0},"end":{"line":1,"column":52}},"1":{"start":{"line":2,"column":0},"end":{"line":2,"column":43}},"2":{"start":{"line":7,"column":0},"end":{"line":7,"column":null}},"3":{"start":{"line":7,"column":43},"end":{"line":7,"column":49}},"4":{"start":{"line":7,"column":13},"end":{"line":7,"column":43}},"5":{"start":{"line":13,"column":10},"end":{"line":15,"column":null}},"6":{"start":{"line":14,"column":4},"end":{"line":14,"column":73}},"7":{"start":{"line":18,"column":10},"end":{"line":25,"column":null}},"8":{"start":{"line":19,"column":12},"end":{"line":19,"column":16}},"9":{"start":{"line":20,"column":4},"end":{"line":23,"column":null}},"10":{"start":{"line":21,"column":6},"end":{"line":21,"column":77}},"11":{"start":{"line":22,"column":6},"end":{"line":22,"column":13}},"12":{"start":{"line":24,"column":4},"end":{"line":24,"column":78}},"13":{"start":{"line":8,"column":25},"end":{"line":8,"column":47}},"14":{"start":{"line":9,"column":25},"end":{"line":9,"column":46}},"15":{"start":{"line":10,"column":25},"end":{"line":10,"column":63}},"16":{"start":{"line":13,"column":2},"end":{"line":15,"column":null}},"17":{"start":{"line":18,"column":2},"end":{"line":25,"column":null}},"18":{"start":{"line":7,"column":13},"end":{"line":26,"column":null}},"19":{"start":{"line":26,"column":0},"end":{"line":26,"column":null}},"20":{"start":{"line":7,"column":13},"end":{"line":7,"column":34}}},"fnMap":{"0":{"name":"(anonymous_8)","decl":{"start":{"line":7,"column":0},"end":{"line":7,"column":13}},"loc":{"start":{"line":7,"column":0},"end":{"line":7,"column":13}}},"1":{"name":"(anonymous_10)","decl":{"start":{"line":13,"column":2},"end":{"line":13,"column":10}},"loc":{"start":{"line":13,"column":55},"end":{"line":15,"column":3}}},"2":{"name":"(anonymous_11)","decl":{"start":{"line":18,"column":2},"end":{"line":18,"column":10}},"loc":{"start":{"line":18,"column":49},"end":{"line":25,"column":3}}}},"branchMap":{"0":{"loc":{"start":{"line":20,"column":4},"end":{"line":23,"column":null}},"type":"if","locations":[{"start":{"line":20,"column":4},"end":{"line":23,"column":null}},{"start":{"line":20,"column":4},"end":{"line":23,"column":null}}]}},"s":{"0":1,"1":1,"2":1,"3":1,"4":1,"5":1,"6":2,"7":1,"8":2,"9":2,"10":1,"11":1,"12":1,"13":1,"14":1,"15":1,"16":1,"17":1,"18":1,"19":1,"20":1},"f":{"0":2,"1":2,"2":2},"b":{"0":[1,1]}}
,"/Users/drewminns/workspace/_internal_/slack-deletron/src/server/controllers/SlackAuth.ts": {"path":"/Users/drewminns/workspace/_internal_/slack-deletron/src/server/controllers/SlackAuth.ts","statementMap":{"0":{"start":{"line":1,"column":0},"end":{"line":1,"column":52}},"1":{"start":{"line":2,"column":0},"end":{"line":2,"column":45}},"2":{"start":{"line":3,"column":0},"end":{"line":3,"column":59}},"3":{"start":{"line":5,"column":0},"end":{"line":5,"column":22}},"4":{"start":{"line":9,"column":0},"end":{"line":9,"column":13}},"5":{"start":{"line":13,"column":12},"end":{"line":13,"column":28}},"6":{"start":{"line":14,"column":12},"end":{"line":14,"column":29}},"7":{"start":{"line":15,"column":12},"end":{"line":15,"column":25}},"8":{"start":{"line":16,"column":12},"end":{"line":16,"column":33}},"9":{"start":{"line":17,"column":12},"end":{"line":17,"column":32}},"10":{"start":{"line":18,"column":12},"end":{"line":18,"column":35}},"11":{"start":{"line":20,"column":4},"end":{"line":20,"column":51}},"12":{"start":{"line":23,"column":10},"end":{"line":28,"column":null}},"13":{"start":{"line":24,"column":4},"end":{"line":27,"column":7}},"14":{"start":{"line":30,"column":10},"end":{"line":40,"column":null}},"15":{"start":{"line":31,"column":4},"end":{"line":39,"column":7}},"16":{"start":{"line":42,"column":10},"end":{"line":50,"column":null}},"17":{"start":{"line":43,"column":4},"end":{"line":43,"column":39}},"18":{"start":{"line":44,"column":4},"end":{"line":49,"column":7}},"19":{"start":{"line":53,"column":10},"end":{"line":55,"column":null}},"20":{"start":{"line":54,"column":4},"end":{"line":54,"column":48}},"21":{"start":{"line":58,"column":16},"end":{"line":94,"column":null}},"22":{"start":{"line":59,"column":10},"end":{"line":59,"column":67}},"23":{"start":{"line":61,"column":6},"end":{"line":89,"column":8}},"24":{"start":{"line":62,"column":38},"end":{"line":88,"column":null}},"25":{"start":{"line":63,"column":16},"end":{"line":63,"column":62}},"26":{"start":{"line":64,"column":14},"end":{"line":64,"column":15}},"27":{"start":{"line":66,"column":12},"end":{"line":66,"column":78}},"28":{"start":{"line":67,"column":12},"end":{"line":67,"column":64}},"29":{"start":{"line":68,"column":12},"end":{"line":68,"column":19}},"30":{"start":{"line":71,"column":52},"end":{"line":74,"column":null}},"31":{"start":{"line":71,"column":20},"end":{"line":74,"column":null}},"32":{"start":{"line":75,"column":14},"end":{"line":80,"column":null}},"33":{"start":{"line":76,"column":16},"end":{"line":78,"column":18}},"34":{"start":{"line":79,"column":16},"end":{"line":79,"column":68}},"35":{"start":{"line":82,"column":14},"end":{"line":82,"column":66}},"36":{"start":{"line":84,"column":14},"end":{"line":84,"column":59}},"37":{"start":{"line":85,"column":14},"end":{"line":85,"column":51}},"38":{"start":{"line":91,"column":6},"end":{"line":91,"column":58}},"39":{"start":{"line":92,"column":6},"end":{"line":92,"column":43}},"40":{"start":{"line":53,"column":2},"end":{"line":55,"column":null}},"41":{"start":{"line":58,"column":2},"end":{"line":94,"column":null}},"42":{"start":{"line":9,"column":13},"end":{"line":95,"column":null}},"43":{"start":{"line":95,"column":0},"end":{"line":95,"column":null}},"44":{"start":{"line":9,"column":13},"end":{"line":9,"column":32}}},"fnMap":{"0":{"name":"(anonymous_17)","decl":{"start":{"line":9,"column":0},"end":{"line":9,"column":13}},"loc":{"start":{"line":9,"column":0},"end":{"line":9,"column":13}}},"1":{"name":"SlackAuthController","decl":{"start":{"line":12,"column":2},"end":{"line":12,"column":null}},"loc":{"start":{"line":18,"column":35},"end":{"line":21,"column":3}}},"2":{"name":"(anonymous_19)","decl":{"start":{"line":23,"column":2},"end":{"line":23,"column":10}},"loc":{"start":{"line":23,"column":2},"end":{"line":28,"column":3}}},"3":{"name":"(anonymous_20)","decl":{"start":{"line":30,"column":2},"end":{"line":30,"column":10}},"loc":{"start":{"line":30,"column":44},"end":{"line":40,"column":3}}},"4":{"name":"(anonymous_21)","decl":{"start":{"line":42,"column":2},"end":{"line":42,"column":10}},"loc":{"start":{"line":42,"column":54},"end":{"line":50,"column":3}}},"5":{"name":"(anonymous_22)","decl":{"start":{"line":53,"column":2},"end":{"line":53,"column":10}},"loc":{"start":{"line":53,"column":53},"end":{"line":55,"column":3}}},"6":{"name":"(anonymous_23)","decl":{"start":{"line":58,"column":2},"end":{"line":58,"column":16}},"loc":{"start":{"line":58,"column":63},"end":{"line":94,"column":null}}},"7":{"name":"(anonymous_26)","decl":{"start":{"line":62,"column":8},"end":{"line":62,"column":15}},"loc":{"start":{"line":62,"column":38},"end":{"line":88,"column":null}}},"8":{"name":"(anonymous_27)","decl":{"start":{"line":62,"column":38},"end":{"line":62,"column":null}},"loc":{"start":{"line":62,"column":38},"end":{"line":88,"column":null}}}},"branchMap":{"0":{"loc":{"start":{"line":64,"column":14},"end":{"line":64,"column":15}},"type":"if","locations":[{"start":{"line":64,"column":14},"end":{"line":64,"column":15}},{"start":{"line":64,"column":14},"end":{"line":64,"column":15}}]},"1":{"loc":{"start":{"line":75,"column":14},"end":{"line":80,"column":null}},"type":"if","locations":[{"start":{"line":75,"column":14},"end":{"line":80,"column":null}},{"start":{"line":75,"column":14},"end":{"line":80,"column":null}}]}},"s":{"0":0,"1":0,"2":0,"3":0,"4":0,"5":0,"6":0,"7":0,"8":0,"9":0,"10":0,"11":0,"12":0,"13":0,"14":0,"15":0,"16":0,"17":0,"18":0,"19":0,"20":0,"21":0,"22":0,"23":0,"24":0,"25":0,"26":0,"27":0,"28":0,"29":0,"30":0,"31":0,"32":0,"33":0,"34":0,"35":0,"36":0,"37":0,"38":0,"39":0,"40":0,"41":0,"42":0,"43":0,"44":0},"f":{"0":0,"1":0,"2":0,"3":0,"4":0,"5":0,"6":0,"7":0,"8":0},"b":{"0":[0,0],"1":[0,0]}}
,"/Users/drewminns/workspace/_internal_/slack-deletron/src/server/controllers/index.ts": {"path":"/Users/drewminns/workspace/_internal_/slack-deletron/src/server/controllers/index.ts","statementMap":{"0":{"start":{"line":1,"column":0},"end":{"line":1,"column":26}},"1":{"start":{"line":2,"column":0},"end":{"line":2,"column":28}}},"fnMap":{},"branchMap":{},"s":{"0":0,"1":0},"f":{},"b":{}}
}
