TN:
SF:/Users/drewminns/workspace/_internal_/slack-deletron/src/client/index.tsx
FNF:0
FNH:0
DA:1,0
DA:2,0
DA:4,0
DA:6,0
LF:4
LH:0
BRF:0
BRH:0
end_of_record
TN:
SF:/Users/drewminns/workspace/_internal_/slack-deletron/src/client/components/Hello.tsx
FN:11,(anonymous_7)
FN:12,(anonymous_9)
FNF:2
FNH:2
FNDA:2,(anonymous_7)
FNDA:1,(anonymous_9)
DA:1,1
DA:11,1
DA:12,1
DA:13,1
DA:19,1
LF:5
LH:5
BRF:0
BRH:0
end_of_record
TN:
SF:/Users/drewminns/workspace/_internal_/slack-deletron/src/server/Server.ts
FN:11,(anonymous_7)
FN:14,AppServer
FN:23,(anonymous_9)
FN:24,(anonymous_10)
FN:29,(anonymous_11)
FNF:5
FNH:0
FNDA:0,(anonymous_7)
FNDA:0,AppServer
FNDA:0,(anonymous_9)
FNDA:0,(anonymous_10)
FNDA:0,(anonymous_11)
DA:1,0
DA:2,0
DA:3,0
DA:4,0
DA:5,0
DA:6,0
DA:7,0
DA:9,0
DA:11,0
DA:12,0
DA:15,0
DA:16,0
DA:17,0
DA:18,0
DA:19,0
DA:20,0
DA:23,0
DA:24,0
DA:25,0
DA:29,0
DA:30,0
DA:38,0
DA:39,0
DA:41,0
LF:24
LH:0
BRDA:15,0,0,0
BRDA:15,0,1,0
BRF:2
BRH:0
end_of_record
TN:
SF:/Users/drewminns/workspace/_internal_/slack-deletron/src/server/index.ts
FNF:0
FNH:0
DA:1,0
DA:3,0
DA:5,0
DA:7,0
LF:4
LH:0
BRF:0
BRH:0
end_of_record
TN:
SF:/Users/drewminns/workspace/_internal_/slack-deletron/src/server/controllers/Generic.ts
FN:7,(anonymous_8)
FN:13,(anonymous_10)
FN:18,(anonymous_11)
FNF:3
FNH:3
FNDA:2,(anonymous_8)
FNDA:2,(anonymous_10)
FNDA:2,(anonymous_11)
DA:1,1
DA:2,1
DA:7,1
DA:8,1
DA:9,1
DA:10,1
DA:13,1
DA:14,2
DA:18,1
DA:19,2
DA:20,2
DA:21,1
DA:22,1
DA:24,1
DA:26,1
LF:15
LH:15
BRDA:20,0,0,1
BRDA:20,0,1,1
BRF:2
BRH:2
end_of_record
TN:
SF:/Users/drewminns/workspace/_internal_/slack-deletron/src/server/controllers/SlackAuth.ts
FN:9,(anonymous_17)
FN:12,SlackAuthController
FN:23,(anonymous_19)
FN:30,(anonymous_20)
FN:42,(anonymous_21)
FN:53,(anonymous_22)
FN:58,(anonymous_23)
FN:62,(anonymous_26)
FN:62,(anonymous_27)
FNF:9
FNH:0
FNDA:0,(anonymous_17)
FNDA:0,SlackAuthController
FNDA:0,(anonymous_19)
FNDA:0,(anonymous_20)
FNDA:0,(anonymous_21)
FNDA:0,(anonymous_22)
FNDA:0,(anonymous_23)
FNDA:0,(anonymous_26)
FNDA:0,(anonymous_27)
DA:1,0
DA:2,0
DA:3,0
DA:5,0
DA:9,0
DA:13,0
DA:14,0
DA:15,0
DA:16,0
DA:17,0
DA:18,0
DA:20,0
DA:23,0
DA:24,0
DA:30,0
DA:31,0
DA:42,0
DA:43,0
DA:44,0
DA:53,0
DA:54,0
DA:58,0
DA:59,0
DA:61,0
DA:62,0
DA:63,0
DA:64,0
DA:66,0
DA:67,0
DA:68,0
DA:71,0
DA:75,0
DA:76,0
DA:79,0
DA:82,0
DA:84,0
DA:85,0
DA:91,0
DA:92,0
DA:95,0
LF:40
LH:0
BRDA:64,0,0,0
BRDA:64,0,1,0
BRDA:75,1,0,0
BRDA:75,1,1,0
BRF:4
BRH:0
end_of_record
TN:
SF:/Users/drewminns/workspace/_internal_/slack-deletron/src/server/controllers/index.ts
FNF:0
FNH:0
DA:1,0
DA:2,0
LF:2
LH:0
BRF:0
BRH:0
end_of_record
